<?xml version="1.0" encoding="UTF-8"?>
<testsuite name="com.example.myAirline.controllers.AppUserControllerTest" tests="2" skipped="0" failures="0" errors="0" timestamp="2022-12-27T18:47:10" hostname="THINKPAD-E14" time="0.431">
  <properties/>
  <testcase name="testGetByUserName()" classname="com.example.myAirline.controllers.AppUserControllerTest" time="0.291"/>
  <testcase name="testAddNew()" classname="com.example.myAirline.controllers.AppUserControllerTest" time="0.137"/>
  <system-out><![CDATA[19:47:05.051 [Test worker] DEBUG org.springframework.test.context.BootstrapUtils - Instantiating CacheAwareContextLoaderDelegate from class [org.springframework.test.context.cache.DefaultCacheAwareContextLoaderDelegate]
19:47:05.080 [Test worker] DEBUG org.springframework.test.context.BootstrapUtils - Instantiating BootstrapContext using constructor [public org.springframework.test.context.support.DefaultBootstrapContext(java.lang.Class,org.springframework.test.context.CacheAwareContextLoaderDelegate)]
19:47:05.142 [Test worker] DEBUG org.springframework.test.context.BootstrapUtils - Instantiating TestContextBootstrapper for test class [com.example.myAirline.controllers.AppUserControllerTest] from class [org.springframework.boot.test.autoconfigure.web.servlet.WebMvcTestContextBootstrapper]
19:47:05.165 [Test worker] INFO org.springframework.boot.test.autoconfigure.web.servlet.WebMvcTestContextBootstrapper - Neither @ContextConfiguration nor @ContextHierarchy found for test class [com.example.myAirline.controllers.AppUserControllerTest], using SpringBootContextLoader
19:47:05.171 [Test worker] DEBUG org.springframework.test.context.support.AbstractContextLoader - Did not detect default resource location for test class [com.example.myAirline.controllers.AppUserControllerTest]: class path resource [com/example/myAirline/controllers/AppUserControllerTest-context.xml] does not exist
19:47:05.171 [Test worker] DEBUG org.springframework.test.context.support.AbstractContextLoader - Did not detect default resource location for test class [com.example.myAirline.controllers.AppUserControllerTest]: class path resource [com/example/myAirline/controllers/AppUserControllerTestContext.groovy] does not exist
19:47:05.171 [Test worker] INFO org.springframework.test.context.support.AbstractContextLoader - Could not detect default resource locations for test class [com.example.myAirline.controllers.AppUserControllerTest]: no resource found for suffixes {-context.xml, Context.groovy}.
19:47:05.172 [Test worker] INFO org.springframework.test.context.support.AnnotationConfigContextLoaderUtils - Could not detect default configuration classes for test class [com.example.myAirline.controllers.AppUserControllerTest]: AppUserControllerTest does not declare any static, non-private, non-final, nested classes annotated with @Configuration.
19:47:05.278 [Test worker] DEBUG org.springframework.test.context.support.ActiveProfilesUtils - Could not find an 'annotation declaring class' for annotation type [org.springframework.test.context.ActiveProfiles] and class [com.example.myAirline.controllers.AppUserControllerTest]
19:47:05.389 [Test worker] DEBUG org.springframework.context.annotation.ClassPathScanningCandidateComponentProvider - Identified candidate component class: file [C:\Users\flori\OneDrive\Dokumente\Code\GitHub\myAirline.git\myAirline\build\classes\java\main\com\example\myAirline\MyAirlineApplication.class]
19:47:05.391 [Test worker] INFO org.springframework.boot.test.context.SpringBootTestContextBootstrapper - Found @SpringBootConfiguration com.example.myAirline.MyAirlineApplication for test class com.example.myAirline.controllers.AppUserControllerTest
19:47:05.396 [Test worker] DEBUG org.springframework.boot.test.autoconfigure.web.servlet.WebMvcTestContextBootstrapper - @TestExecutionListeners is not present for class [com.example.myAirline.controllers.AppUserControllerTest]: using defaults.
19:47:05.397 [Test worker] INFO org.springframework.boot.test.autoconfigure.web.servlet.WebMvcTestContextBootstrapper - Loaded default TestExecutionListener class names from location [META-INF/spring.factories]: [org.springframework.security.test.context.support.WithSecurityContextTestExecutionListener, org.springframework.security.test.context.support.ReactorContextTestExecutionListener, org.springframework.boot.test.autoconfigure.restdocs.RestDocsTestExecutionListener, org.springframework.boot.test.autoconfigure.web.client.MockRestServiceServerResetTestExecutionListener, org.springframework.boot.test.autoconfigure.web.servlet.MockMvcPrintOnlyOnFailureTestExecutionListener, org.springframework.boot.test.autoconfigure.web.servlet.WebDriverTestExecutionListener, org.springframework.boot.test.autoconfigure.webservices.client.MockWebServiceServerTestExecutionListener, org.springframework.boot.test.mock.mockito.MockitoTestExecutionListener, org.springframework.boot.test.mock.mockito.ResetMocksTestExecutionListener, org.springframework.test.context.web.ServletTestExecutionListener, org.springframework.test.context.support.DirtiesContextBeforeModesTestExecutionListener, org.springframework.test.context.event.ApplicationEventsTestExecutionListener, org.springframework.test.context.support.DependencyInjectionTestExecutionListener, org.springframework.test.context.support.DirtiesContextTestExecutionListener, org.springframework.test.context.transaction.TransactionalTestExecutionListener, org.springframework.test.context.jdbc.SqlScriptsTestExecutionListener, org.springframework.test.context.event.EventPublishingTestExecutionListener]
19:47:05.420 [Test worker] INFO org.springframework.boot.test.autoconfigure.web.servlet.WebMvcTestContextBootstrapper - Using TestExecutionListeners: [org.springframework.test.context.web.ServletTestExecutionListener@7651218e, org.springframework.test.context.support.DirtiesContextBeforeModesTestExecutionListener@3185fa6b, org.springframework.test.context.event.ApplicationEventsTestExecutionListener@6d366c9b, org.springframework.boot.test.mock.mockito.MockitoTestExecutionListener@5b58ed3c, org.springframework.boot.test.autoconfigure.SpringBootDependencyInjectionTestExecutionListener@24faea88, org.springframework.test.context.support.DirtiesContextTestExecutionListener@3a320ade, org.springframework.test.context.transaction.TransactionalTestExecutionListener@64beebb7, org.springframework.test.context.jdbc.SqlScriptsTestExecutionListener@7813cb11, org.springframework.security.test.context.support.WithSecurityContextTestExecutionListener@bcec031, org.springframework.test.context.event.EventPublishingTestExecutionListener@21005f6c, org.springframework.security.test.context.support.ReactorContextTestExecutionListener@32f0fba8, org.springframework.boot.test.autoconfigure.restdocs.RestDocsTestExecutionListener@545de5a4, org.springframework.boot.test.autoconfigure.web.client.MockRestServiceServerResetTestExecutionListener@29ef6856, org.springframework.boot.test.autoconfigure.web.servlet.MockMvcPrintOnlyOnFailureTestExecutionListener@ab7a938, org.springframework.boot.test.autoconfigure.web.servlet.WebDriverTestExecutionListener@3faf2e7d, org.springframework.boot.test.autoconfigure.webservices.client.MockWebServiceServerTestExecutionListener@4648ce9, org.springframework.boot.test.mock.mockito.ResetMocksTestExecutionListener@569bf9eb]
19:47:05.427 [Test worker] DEBUG org.springframework.test.context.support.AbstractDirtiesContextTestExecutionListener - Before test class: context [DefaultTestContext@44c79f32 testClass = AppUserControllerTest, testInstance = [null], testMethod = [null], testException = [null], mergedContextConfiguration = [WebMergedContextConfiguration@7fcbe147 testClass = AppUserControllerTest, locations = '{}', classes = '{class com.example.myAirline.MyAirlineApplication}', contextInitializerClasses = '[]', activeProfiles = '{}', propertySourceLocations = '{}', propertySourceProperties = '{org.springframework.boot.test.autoconfigure.web.servlet.WebMvcTestContextBootstrapper=true}', contextCustomizers = set[org.springframework.boot.test.autoconfigure.OverrideAutoConfigurationContextCustomizerFactory$DisableAutoConfigurationContextCustomizer@2c5529ab, org.springframework.boot.test.autoconfigure.actuate.metrics.MetricsExportContextCustomizerFactory$DisableMetricExportContextCustomizer@51972dc7, org.springframework.boot.test.autoconfigure.filter.TypeExcludeFiltersContextCustomizer@edcc68e5, org.springframework.boot.test.autoconfigure.properties.PropertyMappingContextCustomizer@d6c377e7, org.springframework.boot.test.autoconfigure.web.servlet.WebDriverContextCustomizerFactory$Customizer@2cc3ad05, [ImportsContextCustomizer@235f4c10 key = [org.springframework.boot.test.autoconfigure.web.servlet.MockMvcAutoConfiguration, org.springframework.boot.test.autoconfigure.web.servlet.MockMvcWebClientAutoConfiguration, org.springframework.boot.test.autoconfigure.web.servlet.MockMvcWebDriverAutoConfiguration, org.springframework.boot.autoconfigure.security.oauth2.client.servlet.OAuth2ClientAutoConfiguration, org.springframework.boot.autoconfigure.security.oauth2.resource.servlet.OAuth2ResourceServerAutoConfiguration, org.springframework.boot.autoconfigure.security.servlet.SecurityAutoConfiguration, org.springframework.boot.autoconfigure.security.servlet.SecurityFilterAutoConfiguration, org.springframework.boot.autoconfigure.security.servlet.UserDetailsServiceAutoConfiguration, org.springframework.boot.test.autoconfigure.web.servlet.MockMvcSecurityConfiguration, org.springframework.boot.test.autoconfigure.web.reactive.WebTestClientAutoConfiguration, org.springframework.boot.autoconfigure.cache.CacheAutoConfiguration, org.springframework.boot.autoconfigure.context.MessageSourceAutoConfiguration, org.springframework.boot.autoconfigure.data.web.SpringDataWebAutoConfiguration, org.springframework.boot.autoconfigure.freemarker.FreeMarkerAutoConfiguration, org.springframework.boot.autoconfigure.groovy.template.GroovyTemplateAutoConfiguration, org.springframework.boot.autoconfigure.gson.GsonAutoConfiguration, org.springframework.boot.autoconfigure.hateoas.HypermediaAutoConfiguration, org.springframework.boot.autoconfigure.http.HttpMessageConvertersAutoConfiguration, org.springframework.boot.autoconfigure.jackson.JacksonAutoConfiguration, org.springframework.boot.autoconfigure.jsonb.JsonbAutoConfiguration, org.springframework.boot.autoconfigure.mustache.MustacheAutoConfiguration, org.springframework.boot.autoconfigure.task.TaskExecutionAutoConfiguration, org.springframework.boot.autoconfigure.thymeleaf.ThymeleafAutoConfiguration, org.springframework.boot.autoconfigure.validation.ValidationAutoConfiguration, org.springframework.boot.autoconfigure.web.servlet.error.ErrorMvcAutoConfiguration, org.springframework.boot.autoconfigure.web.servlet.HttpEncodingAutoConfiguration, org.springframework.boot.autoconfigure.web.servlet.WebMvcAutoConfiguration]], org.springframework.boot.test.context.filter.ExcludeFilterContextCustomizer@6c25e6c4, org.springframework.boot.test.json.DuplicateJsonObjectContextCustomizerFactory$DuplicateJsonObjectContextCustomizer@48a12036, org.springframework.boot.test.mock.mockito.MockitoContextCustomizer@c576b3f0, org.springframework.boot.test.context.SpringBootTestArgs@1, org.springframework.boot.test.context.SpringBootTestWebEnvironment@0], resourceBasePath = 'src/main/webapp', contextLoader = 'org.springframework.boot.test.context.SpringBootContextLoader', parent = [null]], attributes = map[[empty]]], class annotated with @DirtiesContext [false] with mode [null].

  .   ____          _            __ _ _
 /\\ / ___'_ __ _ _(_)_ __  __ _ \ \ \ \
( ( )\___ | '_ | '_| | '_ \/ _` | \ \ \ \
 \\/  ___)| |_)| | | | | || (_| |  ) ) ) )
  '  |____| .__|_| |_|_| |_\__, | / / / /
 =========|_|==============|___/=/_/_/_/
 :: Spring Boot ::                (v2.7.6)

2022-12-27 19:47:06.048  INFO 25048 --- [    Test worker] c.e.m.controllers.AppUserControllerTest  : Starting AppUserControllerTest using Java 17.0.5 on ThinkPad-E14 with PID 25048 (started by flobbe9 in C:\Users\flori\OneDrive\Dokumente\Code\GitHub\myAirline.git\myAirline)
2022-12-27 19:47:06.051  INFO 25048 --- [    Test worker] c.e.m.controllers.AppUserControllerTest  : No active profile set, falling back to 1 default profile: "default"
2022-12-27 19:47:08.780  INFO 25048 --- [    Test worker] o.s.b.a.w.s.WelcomePageHandlerMapping    : Adding welcome page template: index
2022-12-27 19:47:09.734  INFO 25048 --- [    Test worker] o.s.s.web.DefaultSecurityFilterChain     : Will secure any request with [org.springframework.security.web.session.DisableEncodeUrlFilter@4a4b288a, org.springframework.security.web.context.request.async.WebAsyncManagerIntegrationFilter@1c6ac73c, org.springframework.security.web.context.SecurityContextPersistenceFilter@3a2bb026, org.springframework.security.web.header.HeaderWriterFilter@350d26f3, org.springframework.security.web.csrf.CsrfFilter@21280cbb, org.springframework.security.web.authentication.logout.LogoutFilter@7740b0ab, org.springframework.security.web.authentication.UsernamePasswordAuthenticationFilter@386e9fd8, org.springframework.security.web.authentication.ui.DefaultLoginPageGeneratingFilter@42ff9a77, org.springframework.security.web.authentication.ui.DefaultLogoutPageGeneratingFilter@29892a77, org.springframework.security.web.authentication.www.BasicAuthenticationFilter@15f861ee, org.springframework.security.web.savedrequest.RequestCacheAwareFilter@12214f2f, org.springframework.security.web.servletapi.SecurityContextHolderAwareRequestFilter@756c67cd, org.springframework.security.web.authentication.AnonymousAuthenticationFilter@5341e71a, org.springframework.security.web.session.SessionManagementFilter@4b343b6d, org.springframework.security.web.access.ExceptionTranslationFilter@416a4275, org.springframework.security.web.access.intercept.FilterSecurityInterceptor@b70fa38]
2022-12-27 19:47:09.911  INFO 25048 --- [    Test worker] o.s.b.t.m.w.SpringBootMockServletContext : Initializing Spring TestDispatcherServlet ''
2022-12-27 19:47:09.912  INFO 25048 --- [    Test worker] o.s.t.web.servlet.TestDispatcherServlet  : Initializing Servlet ''
2022-12-27 19:47:09.914  INFO 25048 --- [    Test worker] o.s.t.web.servlet.TestDispatcherServlet  : Completed initialization in 2 ms
2022-12-27 19:47:09.989  INFO 25048 --- [    Test worker] c.e.m.controllers.AppUserControllerTest  : Started AppUserControllerTest in 4.486 seconds (JVM running for 6.467)

MockHttpServletRequest:
      HTTP Method = GET
      Request URI = /appUser/getByUserName
       Parameters = {userName=[florin.schikarski@gmail.com]}
          Headers = []
             Body = <no character encoding set>
    Session Attrs = {}

Handler:
             Type = com.example.myAirline.controllers.AppUserController
           Method = com.example.myAirline.controllers.AppUserController#getByUserName(String)

Async:
    Async started = false
     Async result = null

Resolved Exception:
             Type = null

ModelAndView:
        View name = null
             View = null
            Model = null

FlashMap:
       Attributes = null

MockHttpServletResponse:
           Status = 200
    Error message = null
          Headers = [Content-Type:"application/json"]
     Content type = application/json
             Body = {"id":null,"email":"florin.schikarski@gmail.com","password":"password","role":"USER","firstName":"Florin","lastName":"Schikarski","birthday":"2001-02-12","age":21,"bookings":[],"isAccountNonExpired":true,"isAccountNonLocked":true,"isCredentialsNonExpired":true,"isEnabled":false,"enabled":false,"credentialsNonExpired":true,"accountNonExpired":true,"accountNonLocked":true,"username":"florin.schikarski@gmail.com","authorities":[{"authority":"USER_WRITE"},{"authority":"ROLE_USER"},{"authority":"USER_READ"}]}
    Forwarded URL = null
   Redirected URL = null
          Cookies = []
]]></system-out>
  <system-err><![CDATA[]]></system-err>
</testsuite>
