<?xml version="1.0" encoding="UTF-8"?>
<testsuite name="com.example.myAirline.controllers.AppUserControllerTest" tests="2" skipped="0" failures="0" errors="0" timestamp="2022-12-27T18:23:35" hostname="THINKPAD-E14" time="0.413">
  <properties/>
  <testcase name="testGetByUserName()" classname="com.example.myAirline.controllers.AppUserControllerTest" time="0.26"/>
  <testcase name="testAddNew()" classname="com.example.myAirline.controllers.AppUserControllerTest" time="0.149"/>
  <system-out><![CDATA[19:23:30.534 [Test worker] DEBUG org.springframework.test.context.BootstrapUtils - Instantiating CacheAwareContextLoaderDelegate from class [org.springframework.test.context.cache.DefaultCacheAwareContextLoaderDelegate]
19:23:30.549 [Test worker] DEBUG org.springframework.test.context.BootstrapUtils - Instantiating BootstrapContext using constructor [public org.springframework.test.context.support.DefaultBootstrapContext(java.lang.Class,org.springframework.test.context.CacheAwareContextLoaderDelegate)]
19:23:30.621 [Test worker] DEBUG org.springframework.test.context.BootstrapUtils - Instantiating TestContextBootstrapper for test class [com.example.myAirline.controllers.AppUserControllerTest] from class [org.springframework.boot.test.autoconfigure.web.servlet.WebMvcTestContextBootstrapper]
19:23:30.637 [Test worker] INFO org.springframework.boot.test.autoconfigure.web.servlet.WebMvcTestContextBootstrapper - Neither @ContextConfiguration nor @ContextHierarchy found for test class [com.example.myAirline.controllers.AppUserControllerTest], using SpringBootContextLoader
19:23:30.645 [Test worker] DEBUG org.springframework.test.context.support.AbstractContextLoader - Did not detect default resource location for test class [com.example.myAirline.controllers.AppUserControllerTest]: class path resource [com/example/myAirline/controllers/AppUserControllerTest-context.xml] does not exist
19:23:30.645 [Test worker] DEBUG org.springframework.test.context.support.AbstractContextLoader - Did not detect default resource location for test class [com.example.myAirline.controllers.AppUserControllerTest]: class path resource [com/example/myAirline/controllers/AppUserControllerTestContext.groovy] does not exist
19:23:30.645 [Test worker] INFO org.springframework.test.context.support.AbstractContextLoader - Could not detect default resource locations for test class [com.example.myAirline.controllers.AppUserControllerTest]: no resource found for suffixes {-context.xml, Context.groovy}.
19:23:30.646 [Test worker] INFO org.springframework.test.context.support.AnnotationConfigContextLoaderUtils - Could not detect default configuration classes for test class [com.example.myAirline.controllers.AppUserControllerTest]: AppUserControllerTest does not declare any static, non-private, non-final, nested classes annotated with @Configuration.
19:23:30.745 [Test worker] DEBUG org.springframework.test.context.support.ActiveProfilesUtils - Could not find an 'annotation declaring class' for annotation type [org.springframework.test.context.ActiveProfiles] and class [com.example.myAirline.controllers.AppUserControllerTest]
19:23:30.859 [Test worker] DEBUG org.springframework.context.annotation.ClassPathScanningCandidateComponentProvider - Identified candidate component class: file [C:\Users\flori\OneDrive\Dokumente\Code\GitHub\myAirline.git\myAirline\build\classes\java\main\com\example\myAirline\MyAirlineApplication.class]
19:23:30.860 [Test worker] INFO org.springframework.boot.test.context.SpringBootTestContextBootstrapper - Found @SpringBootConfiguration com.example.myAirline.MyAirlineApplication for test class com.example.myAirline.controllers.AppUserControllerTest
19:23:30.864 [Test worker] DEBUG org.springframework.boot.test.autoconfigure.web.servlet.WebMvcTestContextBootstrapper - @TestExecutionListeners is not present for class [com.example.myAirline.controllers.AppUserControllerTest]: using defaults.
19:23:30.865 [Test worker] INFO org.springframework.boot.test.autoconfigure.web.servlet.WebMvcTestContextBootstrapper - Loaded default TestExecutionListener class names from location [META-INF/spring.factories]: [org.springframework.security.test.context.support.WithSecurityContextTestExecutionListener, org.springframework.security.test.context.support.ReactorContextTestExecutionListener, org.springframework.boot.test.autoconfigure.restdocs.RestDocsTestExecutionListener, org.springframework.boot.test.autoconfigure.web.client.MockRestServiceServerResetTestExecutionListener, org.springframework.boot.test.autoconfigure.web.servlet.MockMvcPrintOnlyOnFailureTestExecutionListener, org.springframework.boot.test.autoconfigure.web.servlet.WebDriverTestExecutionListener, org.springframework.boot.test.autoconfigure.webservices.client.MockWebServiceServerTestExecutionListener, org.springframework.boot.test.mock.mockito.MockitoTestExecutionListener, org.springframework.boot.test.mock.mockito.ResetMocksTestExecutionListener, org.springframework.test.context.web.ServletTestExecutionListener, org.springframework.test.context.support.DirtiesContextBeforeModesTestExecutionListener, org.springframework.test.context.event.ApplicationEventsTestExecutionListener, org.springframework.test.context.support.DependencyInjectionTestExecutionListener, org.springframework.test.context.support.DirtiesContextTestExecutionListener, org.springframework.test.context.transaction.TransactionalTestExecutionListener, org.springframework.test.context.jdbc.SqlScriptsTestExecutionListener, org.springframework.test.context.event.EventPublishingTestExecutionListener]
19:23:30.892 [Test worker] INFO org.springframework.boot.test.autoconfigure.web.servlet.WebMvcTestContextBootstrapper - Using TestExecutionListeners: [org.springframework.test.context.web.ServletTestExecutionListener@545de5a4, org.springframework.test.context.support.DirtiesContextBeforeModesTestExecutionListener@29ef6856, org.springframework.test.context.event.ApplicationEventsTestExecutionListener@ab7a938, org.springframework.boot.test.mock.mockito.MockitoTestExecutionListener@3faf2e7d, org.springframework.boot.test.autoconfigure.SpringBootDependencyInjectionTestExecutionListener@4648ce9, org.springframework.test.context.support.DirtiesContextTestExecutionListener@569bf9eb, org.springframework.test.context.transaction.TransactionalTestExecutionListener@61526469, org.springframework.test.context.jdbc.SqlScriptsTestExecutionListener@274872f8, org.springframework.security.test.context.support.WithSecurityContextTestExecutionListener@76ba13c, org.springframework.test.context.event.EventPublishingTestExecutionListener@eb6449b, org.springframework.security.test.context.support.ReactorContextTestExecutionListener@7c351808, org.springframework.boot.test.autoconfigure.restdocs.RestDocsTestExecutionListener@180e6ac4, org.springframework.boot.test.autoconfigure.web.client.MockRestServiceServerResetTestExecutionListener@42b64ab8, org.springframework.boot.test.autoconfigure.web.servlet.MockMvcPrintOnlyOnFailureTestExecutionListener@7e985ce9, org.springframework.boot.test.autoconfigure.web.servlet.WebDriverTestExecutionListener@2a39fe6a, org.springframework.boot.test.autoconfigure.webservices.client.MockWebServiceServerTestExecutionListener@410ae9a3, org.springframework.boot.test.mock.mockito.ResetMocksTestExecutionListener@319988b0]
19:23:30.899 [Test worker] DEBUG org.springframework.test.context.support.AbstractDirtiesContextTestExecutionListener - Before test class: context [DefaultTestContext@fd0e5b6 testClass = AppUserControllerTest, testInstance = [null], testMethod = [null], testException = [null], mergedContextConfiguration = [WebMergedContextConfiguration@4eed46ee testClass = AppUserControllerTest, locations = '{}', classes = '{class com.example.myAirline.MyAirlineApplication}', contextInitializerClasses = '[]', activeProfiles = '{}', propertySourceLocations = '{}', propertySourceProperties = '{org.springframework.boot.test.autoconfigure.web.servlet.WebMvcTestContextBootstrapper=true}', contextCustomizers = set[org.springframework.boot.test.autoconfigure.OverrideAutoConfigurationContextCustomizerFactory$DisableAutoConfigurationContextCustomizer@24d09c1, org.springframework.boot.test.autoconfigure.actuate.metrics.MetricsExportContextCustomizerFactory$DisableMetricExportContextCustomizer@48d5f34e, org.springframework.boot.test.autoconfigure.filter.TypeExcludeFiltersContextCustomizer@f1b8fc45, org.springframework.boot.test.autoconfigure.properties.PropertyMappingContextCustomizer@d6c377e7, org.springframework.boot.test.autoconfigure.web.servlet.WebDriverContextCustomizerFactory$Customizer@3401a114, [ImportsContextCustomizer@36b0fcd5 key = [org.springframework.boot.test.autoconfigure.web.servlet.MockMvcAutoConfiguration, org.springframework.boot.test.autoconfigure.web.servlet.MockMvcWebClientAutoConfiguration, org.springframework.boot.test.autoconfigure.web.servlet.MockMvcWebDriverAutoConfiguration, org.springframework.boot.autoconfigure.security.oauth2.client.servlet.OAuth2ClientAutoConfiguration, org.springframework.boot.autoconfigure.security.oauth2.resource.servlet.OAuth2ResourceServerAutoConfiguration, org.springframework.boot.autoconfigure.security.servlet.SecurityAutoConfiguration, org.springframework.boot.autoconfigure.security.servlet.SecurityFilterAutoConfiguration, org.springframework.boot.autoconfigure.security.servlet.UserDetailsServiceAutoConfiguration, org.springframework.boot.test.autoconfigure.web.servlet.MockMvcSecurityConfiguration, org.springframework.boot.test.autoconfigure.web.reactive.WebTestClientAutoConfiguration, org.springframework.boot.autoconfigure.cache.CacheAutoConfiguration, org.springframework.boot.autoconfigure.context.MessageSourceAutoConfiguration, org.springframework.boot.autoconfigure.data.web.SpringDataWebAutoConfiguration, org.springframework.boot.autoconfigure.freemarker.FreeMarkerAutoConfiguration, org.springframework.boot.autoconfigure.groovy.template.GroovyTemplateAutoConfiguration, org.springframework.boot.autoconfigure.gson.GsonAutoConfiguration, org.springframework.boot.autoconfigure.hateoas.HypermediaAutoConfiguration, org.springframework.boot.autoconfigure.http.HttpMessageConvertersAutoConfiguration, org.springframework.boot.autoconfigure.jackson.JacksonAutoConfiguration, org.springframework.boot.autoconfigure.jsonb.JsonbAutoConfiguration, org.springframework.boot.autoconfigure.mustache.MustacheAutoConfiguration, org.springframework.boot.autoconfigure.task.TaskExecutionAutoConfiguration, org.springframework.boot.autoconfigure.thymeleaf.ThymeleafAutoConfiguration, org.springframework.boot.autoconfigure.validation.ValidationAutoConfiguration, org.springframework.boot.autoconfigure.web.servlet.error.ErrorMvcAutoConfiguration, org.springframework.boot.autoconfigure.web.servlet.HttpEncodingAutoConfiguration, org.springframework.boot.autoconfigure.web.servlet.WebMvcAutoConfiguration]], org.springframework.boot.test.context.filter.ExcludeFilterContextCustomizer@b7838a9, org.springframework.boot.test.json.DuplicateJsonObjectContextCustomizerFactory$DuplicateJsonObjectContextCustomizer@1c3146bc, org.springframework.boot.test.mock.mockito.MockitoContextCustomizer@1d480bf0, org.springframework.boot.test.context.SpringBootTestArgs@1, org.springframework.boot.test.context.SpringBootTestWebEnvironment@0], resourceBasePath = 'src/main/webapp', contextLoader = 'org.springframework.boot.test.context.SpringBootContextLoader', parent = [null]], attributes = map[[empty]]], class annotated with @DirtiesContext [false] with mode [null].

  .   ____          _            __ _ _
 /\\ / ___'_ __ _ _(_)_ __  __ _ \ \ \ \
( ( )\___ | '_ | '_| | '_ \/ _` | \ \ \ \
 \\/  ___)| |_)| | | | | || (_| |  ) ) ) )
  '  |____| .__|_| |_|_| |_\__, | / / / /
 =========|_|==============|___/=/_/_/_/
 :: Spring Boot ::                (v2.7.6)

2022-12-27 19:23:31.564  INFO 18148 --- [    Test worker] c.e.m.controllers.AppUserControllerTest  : Starting AppUserControllerTest using Java 17.0.5 on ThinkPad-E14 with PID 18148 (started by flobbe9 in C:\Users\flori\OneDrive\Dokumente\Code\GitHub\myAirline.git\myAirline)
2022-12-27 19:23:31.567  INFO 18148 --- [    Test worker] c.e.m.controllers.AppUserControllerTest  : No active profile set, falling back to 1 default profile: "default"
2022-12-27 19:23:34.211  INFO 18148 --- [    Test worker] o.s.b.a.w.s.WelcomePageHandlerMapping    : Adding welcome page template: index
2022-12-27 19:23:35.030  INFO 18148 --- [    Test worker] o.s.s.web.DefaultSecurityFilterChain     : Will secure any request with [org.springframework.security.web.session.DisableEncodeUrlFilter@6afeaf2d, org.springframework.security.web.context.request.async.WebAsyncManagerIntegrationFilter@365bfc5f, org.springframework.security.web.context.SecurityContextPersistenceFilter@1fd37440, org.springframework.security.web.header.HeaderWriterFilter@6eaa6b0c, org.springframework.security.web.csrf.CsrfFilter@39851c5, org.springframework.security.web.authentication.logout.LogoutFilter@323e026d, org.springframework.security.web.authentication.UsernamePasswordAuthenticationFilter@5a6195b8, org.springframework.security.web.authentication.ui.DefaultLoginPageGeneratingFilter@27dc335a, org.springframework.security.web.authentication.ui.DefaultLogoutPageGeneratingFilter@1a7e799e, org.springframework.security.web.authentication.www.BasicAuthenticationFilter@5341e71a, org.springframework.security.web.savedrequest.RequestCacheAwareFilter@352e5a82, org.springframework.security.web.servletapi.SecurityContextHolderAwareRequestFilter@315b5913, org.springframework.security.web.authentication.AnonymousAuthenticationFilter@37a3ec27, org.springframework.security.web.session.SessionManagementFilter@3a2bb026, org.springframework.security.web.access.ExceptionTranslationFilter@c6a692e, org.springframework.security.web.access.intercept.FilterSecurityInterceptor@702096ef]
2022-12-27 19:23:35.201  INFO 18148 --- [    Test worker] o.s.b.t.m.w.SpringBootMockServletContext : Initializing Spring TestDispatcherServlet ''
2022-12-27 19:23:35.202  INFO 18148 --- [    Test worker] o.s.t.web.servlet.TestDispatcherServlet  : Initializing Servlet ''
2022-12-27 19:23:35.204  INFO 18148 --- [    Test worker] o.s.t.web.servlet.TestDispatcherServlet  : Completed initialization in 2 ms
2022-12-27 19:23:35.267  INFO 18148 --- [    Test worker] c.e.m.controllers.AppUserControllerTest  : Started AppUserControllerTest in 4.291 seconds (JVM running for 6.153)

MockHttpServletRequest:
      HTTP Method = GET
      Request URI = /appUser/getByUserName
       Parameters = {userName=[florin.schikarski@gmail.com]}
          Headers = []
             Body = <no character encoding set>
    Session Attrs = {}

Handler:
             Type = com.example.myAirline.controllers.AppUserController
           Method = com.example.myAirline.controllers.AppUserController#getByUserName(String)

Async:
    Async started = false
     Async result = null

Resolved Exception:
             Type = null

ModelAndView:
        View name = null
             View = null
            Model = null

FlashMap:
       Attributes = null

MockHttpServletResponse:
           Status = 200
    Error message = null
          Headers = [Content-Type:"application/json"]
     Content type = application/json
             Body = {"id":null,"email":"florin.schikarski@gmail.com","password":"password","role":"USER","firstName":"Florin","lastName":"Schikarski","birthday":"2001-02-12","age":21,"bookings":[],"isAccountNonExpired":true,"isAccountNonLocked":true,"isCredentialsNonExpired":true,"isEnabled":false,"enabled":false,"accountNonExpired":true,"credentialsNonExpired":true,"accountNonLocked":true,"authorities":[{"authority":"USER_WRITE"},{"authority":"ROLE_USER"},{"authority":"USER_READ"}],"username":"florin.schikarski@gmail.com"}
    Forwarded URL = null
   Redirected URL = null
          Cookies = []
]]></system-out>
  <system-err><![CDATA[]]></system-err>
</testsuite>
